\BOOKMARK [0][-]{section*.2}{Chemical potential of vibrations and its driven energy transport in hybrid nano-junctions}{}% 2
\BOOKMARK [1][-]{section*.1}{Abstract}{section*.2}% 1
\BOOKMARK [1][-]{section*.3}{Introduction}{section*.2}% 3
\BOOKMARK [1][-]{section*.4}{System}{section*.2}% 4
\BOOKMARK [1][-]{section*.5}{Electron-hole pair excitations}{section*.2}% 5
\BOOKMARK [1][-]{section*.6}{Energy transport}{section*.2}% 6
\BOOKMARK [2][-]{section*.7}{Heat Rectification in hybrid electron-boson system}{section*.6}% 7
\BOOKMARK [2][-]{section*.8}{Electronic heating and cooling}{section*.6}% 8
\BOOKMARK [1][-]{section*.9}{Mode population and chemical potential}{section*.2}% 9
\BOOKMARK [1][-]{section*.10}{introduction}{section*.2}% 10
\BOOKMARK [1][-]{section*.11}{Model}{section*.2}% 11
\BOOKMARK [1][-]{section*.12}{Examples}{section*.2}% 12
\BOOKMARK [2][-]{section*.13}{Heat transport through a coupled electron-phonon system}{section*.12}% 13
\BOOKMARK [2][-]{section*.14}{Light emission from single molecules}{section*.12}% 14
\BOOKMARK [2][-]{section*.15}{Radiative heat transfer}{section*.12}% 15
\BOOKMARK [1][-]{section*.16}{Applications}{section*.2}% 16
\BOOKMARK [1][-]{section*.17}{Conclusion}{section*.2}% 17
\BOOKMARK [1][-]{section*.18}{Acknowledgments}{section*.2}% 18
\BOOKMARK [1][-]{section*.19}{Derivation of Eq. \(C4\)}{section*.2}% 19
\BOOKMARK [1][-]{section*.20}{The Hamiltonian for STM junction}{section*.2}% 20
\BOOKMARK [1][-]{section*.21}{References}{section*.2}% 21
